
> @beeapp/admin-web@0.1.0 build /Users/santiago/Downloads/beeapp_ai/apps/admin-web
> next build

  ▲ Next.js 14.2.35

   Creating an optimized production build ...
 ✓ Compiled successfully
   Linting and checking validity of types ...
   Collecting page data ...
   Generating static pages (0/9) ...
   Generating static pages (2/9) 
   Generating static pages (4/9) 
   Generating static pages (6/9) 
 ✓ Generating static pages (9/9)
   Finalizing page optimization ...
   Collecting build traces ...

Route (app)                              Size     First Load JS
┌ ○ /                                    528 B          93.1 kB
├ ○ /_not-found                          871 B          88.1 kB
├ ○ /dashboard                           850 B          88.1 kB
├ ○ /login                               10.1 kB         103 kB
├ ○ /privacy                             1.5 kB         88.7 kB
├ ○ /terms                               1.6 kB         88.8 kB
└ ○ /verify                              1.7 kB         94.3 kB
+ First Load JS shared by all            87.2 kB
  ├ chunks/513-b3caf04f7b37f75a.js       31.7 kB
  ├ chunks/6f1030b3-7d108e2cd97ff76c.js  53.6 kB
  └ other shared chunks (total)          1.89 kB


○  (Static)  prerendered as static content

